CMPUT301W24T33/app/build/intermediates/manifest_merge_blame_file/debug/manifest-merger-blame-debug-report.txt
1<?xml version="1.0" encoding="utf-8"?>
2<manifest xmlns:android="http://schemas.android.com/apk/res/android"
3    package="com.example.cmput301w24t33"
4    android:versionCode="1"
5    android:versionName="1.0" >
6
7    <uses-sdk
8        android:minSdkVersion="24"
9        android:targetSdkVersion="34" />
10
11    <uses-feature
11-->src\main\AndroidManifest.xml:4:5-6:36
12        android:name="android.hardware.camera"
12-->src\main\AndroidManifest.xml:5:9-47
13        android:required="false" />
13-->src\main\AndroidManifest.xml:6:9-33
14
15    <uses-permission android:name="android.permission.CAMERA" />
15-->src\main\AndroidManifest.xml:7:5-64
15-->src\main\AndroidManifest.xml:7:22-62
16    <uses-permission android:name="android.permission.ACCESS_FINE_LOCATION" />
16-->src\main\AndroidManifest.xml:8:5-78
16-->src\main\AndroidManifest.xml:8:22-76
17    <uses-permission android:name="android.permission.ACCESS_COARSE_LOCATION" />
17-->src\main\AndroidManifest.xml:9:5-80
17-->src\main\AndroidManifest.xml:9:22-78
18    <uses-permission android:name="android.permission.ACCESS_BACKGROUND_LOCATION" />
18-->src\main\AndroidManifest.xml:10:5-84
18-->src\main\AndroidManifest.xml:10:22-82
19    <uses-permission android:name="android.permission.INTERNET" />
19-->src\main\AndroidManifest.xml:11:5-66
19-->src\main\AndroidManifest.xml:11:22-64
20    <uses-permission android:name="android.permission.READ_MEDIA_IMAGES" />
20-->src\main\AndroidManifest.xml:12:5-76
20-->src\main\AndroidManifest.xml:12:22-73
21    <uses-permission android:name="android.permission.READ_MEDIA_VIDEO" />
21-->src\main\AndroidManifest.xml:13:5-75
21-->src\main\AndroidManifest.xml:13:22-72
22    <uses-permission android:name="android.permission.READ_EXTERNAL_STORAGE" />
22-->src\main\AndroidManifest.xml:14:5-79
22-->src\main\AndroidManifest.xml:14:22-77
23    <uses-permission
23-->src\main\AndroidManifest.xml:15:5-16:38
24        android:name="android.permission.WRITE_EXTERNAL_STORAGE"
24-->src\main\AndroidManifest.xml:15:22-78
25        android:maxSdkVersion="29" />
25-->src\main\AndroidManifest.xml:16:9-35
26    <uses-permission android:name="android.permission.ACCESS_WIFI_STATE" /> <!-- Although the *SdkVersion is captured in gradle build files, this is required for non gradle builds -->
26-->[com.google.android.libraries.places:places:3.3.0] AndroidManifest.xml:11:5-76
26-->[com.google.android.libraries.places:places:3.3.0] AndroidManifest.xml:11:22-73
27    <!-- <uses-sdk android:minSdkVersion="14" /> -->
28    <uses-permission android:name="android.permission.ACCESS_NETWORK_STATE" />
28-->[com.google.firebase:firebase-firestore:24.10.2] AndroidManifest.xml:10:5-79
28-->[com.google.firebase:firebase-firestore:24.10.2] AndroidManifest.xml:10:22-76
29
30    <uses-feature
30-->[com.google.android.gms:play-services-maps:18.2.0] AndroidManifest.xml:26:5-28:35
31        android:glEsVersion="0x00020000"
31-->[com.google.android.gms:play-services-maps:18.2.0] AndroidManifest.xml:27:9-41
32        android:required="true" />
32-->[com.google.android.gms:play-services-maps:18.2.0] AndroidManifest.xml:28:9-32
33
34    <queries>
34-->[com.google.android.gms:play-services-maps:18.2.0] AndroidManifest.xml:30:5-34:15
35
36        <!-- Needs to be explicitly declared on Android R+ -->
37        <package android:name="com.google.android.apps.maps" />
37-->[com.google.android.gms:play-services-maps:18.2.0] AndroidManifest.xml:33:9-64
37-->[com.google.android.gms:play-services-maps:18.2.0] AndroidManifest.xml:33:18-61
38    </queries>
39
40    <uses-permission android:name="com.google.android.providers.gsf.permission.READ_GSERVICES" />
40-->[com.google.android.recaptcha:recaptcha:18.4.0] AndroidManifest.xml:9:5-98
40-->[com.google.android.recaptcha:recaptcha:18.4.0] AndroidManifest.xml:9:22-95
41
42    <permission
42-->[androidx.core:core:1.9.0] AndroidManifest.xml:22:5-24:47
43        android:name="com.example.cmput301w24t33.DYNAMIC_RECEIVER_NOT_EXPORTED_PERMISSION"
43-->[androidx.core:core:1.9.0] AndroidManifest.xml:23:9-81
44        android:protectionLevel="signature" />
44-->[androidx.core:core:1.9.0] AndroidManifest.xml:24:9-44
45
46    <uses-permission android:name="com.example.cmput301w24t33.DYNAMIC_RECEIVER_NOT_EXPORTED_PERMISSION" />
46-->[androidx.core:core:1.9.0] AndroidManifest.xml:26:5-97
46-->[androidx.core:core:1.9.0] AndroidManifest.xml:26:22-94
47
48    <application
48-->src\main\AndroidManifest.xml:19:5-57:19
49        android:allowBackup="true"
49-->src\main\AndroidManifest.xml:20:9-35
50        android:appComponentFactory="androidx.core.app.CoreComponentFactory"
50-->[androidx.core:core:1.9.0] AndroidManifest.xml:28:18-86
51        android:dataExtractionRules="@xml/data_extraction_rules"
51-->src\main\AndroidManifest.xml:21:9-65
52        android:debuggable="true"
53        android:extractNativeLibs="false"
54        android:fullBackupContent="@xml/backup_rules"
54-->src\main\AndroidManifest.xml:22:9-54
55        android:icon="@mipmap/ic_launcher"
55-->src\main\AndroidManifest.xml:23:9-43
56        android:label="@string/app_name"
56-->src\main\AndroidManifest.xml:24:9-41
57        android:roundIcon="@mipmap/ic_launcher_round"
57-->src\main\AndroidManifest.xml:25:9-54
58        android:supportsRtl="true"
58-->src\main\AndroidManifest.xml:26:9-35
59        android:testOnly="true"
60        android:theme="@style/Theme.CMPUT301W24T33" >
60-->src\main\AndroidManifest.xml:27:9-52
61        <activity
61-->src\main\AndroidManifest.xml:31:9-39:20
62            android:name="com.example.cmput301w24t33.activities.AppInitialization"
62-->src\main\AndroidManifest.xml:32:13-57
63            android:exported="true" >
63-->src\main\AndroidManifest.xml:33:13-36
64            <intent-filter>
64-->src\main\AndroidManifest.xml:34:13-38:29
65                <action android:name="android.intent.action.MAIN" />
65-->src\main\AndroidManifest.xml:35:17-69
65-->src\main\AndroidManifest.xml:35:25-66
66
67                <category android:name="android.intent.category.LAUNCHER" />
67-->src\main\AndroidManifest.xml:37:17-77
67-->src\main\AndroidManifest.xml:37:27-74
68            </intent-filter>
69        </activity>
70        <activity
70-->src\main\AndroidManifest.xml:40:9-42:40
71            android:name="com.example.cmput301w24t33.activities.AdminActivity"
71-->src\main\AndroidManifest.xml:41:13-45
72            android:exported="false" />
72-->src\main\AndroidManifest.xml:42:13-37
73        <activity
73-->src\main\AndroidManifest.xml:43:9-45:40
74            android:name="com.example.cmput301w24t33.activities.AttendeeActivity"
74-->src\main\AndroidManifest.xml:44:13-48
75            android:exported="false" />
75-->src\main\AndroidManifest.xml:45:13-37
76        <activity
76-->src\main\AndroidManifest.xml:46:9-48:40
77            android:name="com.example.cmput301w24t33.activities.OrganizerActivity"
77-->src\main\AndroidManifest.xml:47:13-49
78            android:exported="false" />
78-->src\main\AndroidManifest.xml:48:13-37
79        <activity android:name="com.example.cmput301w24t33.activities.AnonymousAuthActivity" />
79-->src\main\AndroidManifest.xml:49:9-70
79-->src\main\AndroidManifest.xml:49:19-67
80
81        <meta-data
82            android:name="com.google.android.geo.API_KEY"
82-->src\main\AndroidManifest.xml:52:13-58
83            android:value="AIzaSyBK94a1cQs_7HW6JGFZRu39VRILNwkB0uk" />
83-->src\main\AndroidManifest.xml:53:13-44
84        <meta-data
84-->src\main\AndroidManifest.xml:54:9-56:41
85            android:name="com.google.mlkit.vision.DEPENDENCIES"
85-->src\main\AndroidManifest.xml:55:13-64
86            android:value="barcode_ui" />
86-->src\main\AndroidManifest.xml:56:13-39
87
88        <activity
88-->[com.google.android.libraries.places:places:3.3.0] AndroidManifest.xml:15:9-21:20
89            android:name="com.google.android.libraries.places.widget.AutocompleteActivity"
89-->[com.google.android.libraries.places:places:3.3.0] AndroidManifest.xml:16:13-91
90            android:exported="false"
90-->[com.google.android.libraries.places:places:3.3.0] AndroidManifest.xml:17:13-37
91            android:label="@string/places_autocomplete_label"
91-->[com.google.android.libraries.places:places:3.3.0] AndroidManifest.xml:18:13-62
92            android:theme="@style/PlacesAutocompleteOverlay"
92-->[com.google.android.libraries.places:places:3.3.0] AndroidManifest.xml:19:13-61
93            android:windowSoftInputMode="adjustResize" >
93-->[com.google.android.libraries.places:places:3.3.0] AndroidManifest.xml:20:13-55
94        </activity>
95
96        <service
96-->[com.google.firebase:firebase-firestore:24.10.2] AndroidManifest.xml:14:9-23:19
97            android:name="com.google.firebase.components.ComponentDiscoveryService"
97-->[com.google.firebase:firebase-firestore:24.10.2] AndroidManifest.xml:15:13-84
98            android:directBootAware="true"
98-->[com.google.firebase:firebase-common:20.4.2] AndroidManifest.xml:32:13-43
99            android:exported="false" >
99-->[com.google.firebase:firebase-firestore:24.10.2] AndroidManifest.xml:16:13-37
100            <meta-data
100-->[com.google.firebase:firebase-firestore:24.10.2] AndroidManifest.xml:17:13-19:85
101                android:name="com.google.firebase.components:com.google.firebase.firestore.FirebaseFirestoreKtxRegistrar"
101-->[com.google.firebase:firebase-firestore:24.10.2] AndroidManifest.xml:18:17-122
102                android:value="com.google.firebase.components.ComponentRegistrar" />
102-->[com.google.firebase:firebase-firestore:24.10.2] AndroidManifest.xml:19:17-82
103            <meta-data
103-->[com.google.firebase:firebase-firestore:24.10.2] AndroidManifest.xml:20:13-22:85
104                android:name="com.google.firebase.components:com.google.firebase.firestore.FirestoreRegistrar"
104-->[com.google.firebase:firebase-firestore:24.10.2] AndroidManifest.xml:21:17-111
105                android:value="com.google.firebase.components.ComponentRegistrar" />
105-->[com.google.firebase:firebase-firestore:24.10.2] AndroidManifest.xml:22:17-82
106            <meta-data
106-->[com.google.firebase:firebase-auth:22.3.1] AndroidManifest.xml:69:13-71:85
107                android:name="com.google.firebase.components:com.google.firebase.auth.FirebaseAuthRegistrar"
107-->[com.google.firebase:firebase-auth:22.3.1] AndroidManifest.xml:70:17-109
108                android:value="com.google.firebase.components.ComponentRegistrar" />
108-->[com.google.firebase:firebase-auth:22.3.1] AndroidManifest.xml:71:17-82
109            <meta-data
109-->[com.google.firebase:firebase-storage:20.3.0] AndroidManifest.xml:30:13-32:85
110                android:name="com.google.firebase.components:com.google.firebase.storage.FirebaseStorageKtxRegistrar"
110-->[com.google.firebase:firebase-storage:20.3.0] AndroidManifest.xml:31:17-118
111                android:value="com.google.firebase.components.ComponentRegistrar" />
111-->[com.google.firebase:firebase-storage:20.3.0] AndroidManifest.xml:32:17-82
112            <meta-data
112-->[com.google.firebase:firebase-storage:20.3.0] AndroidManifest.xml:33:13-35:85
113                android:name="com.google.firebase.components:com.google.firebase.storage.StorageRegistrar"
113-->[com.google.firebase:firebase-storage:20.3.0] AndroidManifest.xml:34:17-107
114                android:value="com.google.firebase.components.ComponentRegistrar" />
114-->[com.google.firebase:firebase-storage:20.3.0] AndroidManifest.xml:35:17-82
115            <meta-data
115-->[com.google.firebase:firebase-database:20.3.1] AndroidManifest.xml:29:13-31:85
116                android:name="com.google.firebase.components:com.google.firebase.database.FirebaseDatabaseKtxRegistrar"
116-->[com.google.firebase:firebase-database:20.3.1] AndroidManifest.xml:30:17-120
117                android:value="com.google.firebase.components.ComponentRegistrar" />
117-->[com.google.firebase:firebase-database:20.3.1] AndroidManifest.xml:31:17-82
118            <meta-data
118-->[com.google.firebase:firebase-database:20.3.1] AndroidManifest.xml:32:13-34:85
119                android:name="com.google.firebase.components:com.google.firebase.database.DatabaseRegistrar"
119-->[com.google.firebase:firebase-database:20.3.1] AndroidManifest.xml:33:17-109
120                android:value="com.google.firebase.components.ComponentRegistrar" />
120-->[com.google.firebase:firebase-database:20.3.1] AndroidManifest.xml:34:17-82
121            <meta-data
121-->[com.google.firebase:firebase-appcheck:17.1.2] AndroidManifest.xml:25:13-27:85
122                android:name="com.google.firebase.components:com.google.firebase.appcheck.FirebaseAppCheckKtxRegistrar"
122-->[com.google.firebase:firebase-appcheck:17.1.2] AndroidManifest.xml:26:17-120
123                android:value="com.google.firebase.components.ComponentRegistrar" />
123-->[com.google.firebase:firebase-appcheck:17.1.2] AndroidManifest.xml:27:17-82
124            <meta-data
124-->[com.google.firebase:firebase-appcheck:17.1.2] AndroidManifest.xml:28:13-30:85
125                android:name="com.google.firebase.components:com.google.firebase.appcheck.FirebaseAppCheckRegistrar"
125-->[com.google.firebase:firebase-appcheck:17.1.2] AndroidManifest.xml:29:17-117
126                android:value="com.google.firebase.components.ComponentRegistrar" />
126-->[com.google.firebase:firebase-appcheck:17.1.2] AndroidManifest.xml:30:17-82
127            <meta-data
127-->[com.google.firebase:firebase-common-ktx:20.4.2] AndroidManifest.xml:12:13-14:85
128                android:name="com.google.firebase.components:com.google.firebase.ktx.FirebaseCommonLegacyRegistrar"
128-->[com.google.firebase:firebase-common-ktx:20.4.2] AndroidManifest.xml:13:17-116
129                android:value="com.google.firebase.components.ComponentRegistrar" />
129-->[com.google.firebase:firebase-common-ktx:20.4.2] AndroidManifest.xml:14:17-82
130            <meta-data
130-->[com.google.firebase:firebase-common:20.4.2] AndroidManifest.xml:35:13-37:85
131                android:name="com.google.firebase.components:com.google.firebase.FirebaseCommonKtxRegistrar"
131-->[com.google.firebase:firebase-common:20.4.2] AndroidManifest.xml:36:17-109
132                android:value="com.google.firebase.components.ComponentRegistrar" />
132-->[com.google.firebase:firebase-common:20.4.2] AndroidManifest.xml:37:17-82
133        </service>
134
135        <activity
135-->[com.google.firebase:firebase-auth:22.3.1] AndroidManifest.xml:29:9-46:20
136            android:name="com.google.firebase.auth.internal.GenericIdpActivity"
136-->[com.google.firebase:firebase-auth:22.3.1] AndroidManifest.xml:30:13-80
137            android:excludeFromRecents="true"
137-->[com.google.firebase:firebase-auth:22.3.1] AndroidManifest.xml:31:13-46
138            android:exported="true"
138-->[com.google.firebase:firebase-auth:22.3.1] AndroidManifest.xml:32:13-36
139            android:launchMode="singleTask"
139-->[com.google.firebase:firebase-auth:22.3.1] AndroidManifest.xml:33:13-44
140            android:theme="@android:style/Theme.Translucent.NoTitleBar" >
140-->[com.google.firebase:firebase-auth:22.3.1] AndroidManifest.xml:34:13-72
141            <intent-filter>
141-->[com.google.firebase:firebase-auth:22.3.1] AndroidManifest.xml:35:13-45:29
142                <action android:name="android.intent.action.VIEW" />
142-->[com.google.firebase:firebase-auth:22.3.1] AndroidManifest.xml:36:17-69
142-->[com.google.firebase:firebase-auth:22.3.1] AndroidManifest.xml:36:25-66
143
144                <category android:name="android.intent.category.DEFAULT" />
144-->[com.google.firebase:firebase-auth:22.3.1] AndroidManifest.xml:38:17-76
144-->[com.google.firebase:firebase-auth:22.3.1] AndroidManifest.xml:38:27-73
145                <category android:name="android.intent.category.BROWSABLE" />
145-->[com.google.firebase:firebase-auth:22.3.1] AndroidManifest.xml:39:17-78
145-->[com.google.firebase:firebase-auth:22.3.1] AndroidManifest.xml:39:27-75
146
147                <data
147-->[com.google.firebase:firebase-auth:22.3.1] AndroidManifest.xml:41:17-44:51
148                    android:host="firebase.auth"
148-->[com.google.firebase:firebase-auth:22.3.1] AndroidManifest.xml:42:21-49
149                    android:path="/"
149-->[com.google.firebase:firebase-auth:22.3.1] AndroidManifest.xml:43:21-37
150                    android:scheme="genericidp" />
150-->[com.google.firebase:firebase-auth:22.3.1] AndroidManifest.xml:44:21-48
151            </intent-filter>
152        </activity>
153        <activity
153-->[com.google.firebase:firebase-auth:22.3.1] AndroidManifest.xml:47:9-64:20
154            android:name="com.google.firebase.auth.internal.RecaptchaActivity"
154-->[com.google.firebase:firebase-auth:22.3.1] AndroidManifest.xml:48:13-79
155            android:excludeFromRecents="true"
155-->[com.google.firebase:firebase-auth:22.3.1] AndroidManifest.xml:49:13-46
156            android:exported="true"
156-->[com.google.firebase:firebase-auth:22.3.1] AndroidManifest.xml:50:13-36
157            android:launchMode="singleTask"
157-->[com.google.firebase:firebase-auth:22.3.1] AndroidManifest.xml:51:13-44
158            android:theme="@android:style/Theme.Translucent.NoTitleBar" >
158-->[com.google.firebase:firebase-auth:22.3.1] AndroidManifest.xml:52:13-72
159            <intent-filter>
159-->[com.google.firebase:firebase-auth:22.3.1] AndroidManifest.xml:53:13-63:29
160                <action android:name="android.intent.action.VIEW" />
160-->[com.google.firebase:firebase-auth:22.3.1] AndroidManifest.xml:36:17-69
160-->[com.google.firebase:firebase-auth:22.3.1] AndroidManifest.xml:36:25-66
161
162                <category android:name="android.intent.category.DEFAULT" />
162-->[com.google.firebase:firebase-auth:22.3.1] AndroidManifest.xml:38:17-76
162-->[com.google.firebase:firebase-auth:22.3.1] AndroidManifest.xml:38:27-73
163                <category android:name="android.intent.category.BROWSABLE" />
163-->[com.google.firebase:firebase-auth:22.3.1] AndroidManifest.xml:39:17-78
163-->[com.google.firebase:firebase-auth:22.3.1] AndroidManifest.xml:39:27-75
164
165                <data
165-->[com.google.firebase:firebase-auth:22.3.1] AndroidManifest.xml:41:17-44:51
166                    android:host="firebase.auth"
166-->[com.google.firebase:firebase-auth:22.3.1] AndroidManifest.xml:42:21-49
167                    android:path="/"
167-->[com.google.firebase:firebase-auth:22.3.1] AndroidManifest.xml:43:21-37
168                    android:scheme="recaptcha" />
168-->[com.google.firebase:firebase-auth:22.3.1] AndroidManifest.xml:44:21-48
169            </intent-filter>
170        </activity> <!-- Needs to be explicitly declared on P+ -->
171        <uses-library
171-->[com.google.android.gms:play-services-maps:18.2.0] AndroidManifest.xml:39:9-41:40
172            android:name="org.apache.http.legacy"
172-->[com.google.android.gms:play-services-maps:18.2.0] AndroidManifest.xml:40:13-50
173            android:required="false" />
173-->[com.google.android.gms:play-services-maps:18.2.0] AndroidManifest.xml:41:13-37
174        <!--
175        This activity is an invisible delegate activity to start scanner activity
176        and receive result, so it's unnecessary to support screen orientation and
177        we can avoid any side effect from activity recreation in any case.
178        -->
179        <activity
179-->[com.google.android.gms:play-services-code-scanner:16.1.0] AndroidManifest.xml:15:9-20:20
180            android:name="com.google.mlkit.vision.codescanner.internal.GmsBarcodeScanningDelegateActivity"
180-->[com.google.android.gms:play-services-code-scanner:16.1.0] AndroidManifest.xml:16:13-107
181            android:exported="false"
181-->[com.google.android.gms:play-services-code-scanner:16.1.0] AndroidManifest.xml:17:13-37
182            android:screenOrientation="portrait" >
182-->[com.google.android.gms:play-services-code-scanner:16.1.0] AndroidManifest.xml:18:13-49
183        </activity>
184
185        <provider
185-->[com.squareup.picasso:picasso:2.71828] AndroidManifest.xml:8:9-11:40
186            android:name="com.squareup.picasso.PicassoProvider"
186-->[com.squareup.picasso:picasso:2.71828] AndroidManifest.xml:9:13-64
187            android:authorities="com.example.cmput301w24t33.com.squareup.picasso"
187-->[com.squareup.picasso:picasso:2.71828] AndroidManifest.xml:10:13-72
188            android:exported="false" />
188-->[com.squareup.picasso:picasso:2.71828] AndroidManifest.xml:11:13-37
189
190        <service
190-->[com.google.mlkit:vision-common:17.0.0] AndroidManifest.xml:9:9-15:19
191            android:name="com.google.mlkit.common.internal.MlKitComponentDiscoveryService"
191-->[com.google.mlkit:vision-common:17.0.0] AndroidManifest.xml:10:13-91
192            android:directBootAware="true"
192-->[com.google.mlkit:common:18.9.0] AndroidManifest.xml:17:13-43
193            android:exported="false" >
193-->[com.google.mlkit:vision-common:17.0.0] AndroidManifest.xml:11:13-37
194            <meta-data
194-->[com.google.mlkit:vision-common:17.0.0] AndroidManifest.xml:12:13-14:85
195                android:name="com.google.firebase.components:com.google.mlkit.vision.common.internal.VisionCommonRegistrar"
195-->[com.google.mlkit:vision-common:17.0.0] AndroidManifest.xml:13:17-124
196                android:value="com.google.firebase.components.ComponentRegistrar" />
196-->[com.google.mlkit:vision-common:17.0.0] AndroidManifest.xml:14:17-82
197            <meta-data
197-->[com.google.mlkit:common:18.9.0] AndroidManifest.xml:20:13-22:85
198                android:name="com.google.firebase.components:com.google.mlkit.common.internal.CommonComponentRegistrar"
198-->[com.google.mlkit:common:18.9.0] AndroidManifest.xml:21:17-120
199                android:value="com.google.firebase.components.ComponentRegistrar" />
199-->[com.google.mlkit:common:18.9.0] AndroidManifest.xml:22:17-82
200        </service>
201
202        <provider
202-->[com.google.mlkit:common:18.9.0] AndroidManifest.xml:9:9-13:38
203            android:name="com.google.mlkit.common.internal.MlKitInitProvider"
203-->[com.google.mlkit:common:18.9.0] AndroidManifest.xml:10:13-78
204            android:authorities="com.example.cmput301w24t33.mlkitinitprovider"
204-->[com.google.mlkit:common:18.9.0] AndroidManifest.xml:11:13-69
205            android:exported="false"
205-->[com.google.mlkit:common:18.9.0] AndroidManifest.xml:12:13-37
206            android:initOrder="99" />
206-->[com.google.mlkit:common:18.9.0] AndroidManifest.xml:13:13-35
207
208        <service
208-->[com.google.android.datatransport:transport-backend-cct:2.3.3] AndroidManifest.xml:29:9-35:19
209            android:name="com.google.android.datatransport.runtime.backends.TransportBackendDiscovery"
209-->[com.google.android.datatransport:transport-backend-cct:2.3.3] AndroidManifest.xml:30:13-103
210            android:exported="false" >
210-->[com.google.android.datatransport:transport-backend-cct:2.3.3] AndroidManifest.xml:31:13-37
211            <meta-data
211-->[com.google.android.datatransport:transport-backend-cct:2.3.3] AndroidManifest.xml:32:13-34:39
212                android:name="backend:com.google.android.datatransport.cct.CctBackendFactory"
212-->[com.google.android.datatransport:transport-backend-cct:2.3.3] AndroidManifest.xml:33:17-94
213                android:value="cct" />
213-->[com.google.android.datatransport:transport-backend-cct:2.3.3] AndroidManifest.xml:34:17-36
214        </service>
215
216        <provider
216-->[com.google.firebase:firebase-common:20.4.2] AndroidManifest.xml:23:9-28:39
217            android:name="com.google.firebase.provider.FirebaseInitProvider"
217-->[com.google.firebase:firebase-common:20.4.2] AndroidManifest.xml:24:13-77
218            android:authorities="com.example.cmput301w24t33.firebaseinitprovider"
218-->[com.google.firebase:firebase-common:20.4.2] AndroidManifest.xml:25:13-72
219            android:directBootAware="true"
219-->[com.google.firebase:firebase-common:20.4.2] AndroidManifest.xml:26:13-43
220            android:exported="false"
220-->[com.google.firebase:firebase-common:20.4.2] AndroidManifest.xml:27:13-37
221            android:initOrder="100" />
221-->[com.google.firebase:firebase-common:20.4.2] AndroidManifest.xml:28:13-36
222        <provider
222-->[androidx.emoji2:emoji2:1.2.0] AndroidManifest.xml:24:9-32:20
223            android:name="androidx.startup.InitializationProvider"
223-->[androidx.emoji2:emoji2:1.2.0] AndroidManifest.xml:25:13-67
224            android:authorities="com.example.cmput301w24t33.androidx-startup"
224-->[androidx.emoji2:emoji2:1.2.0] AndroidManifest.xml:26:13-68
225            android:exported="false" >
225-->[androidx.emoji2:emoji2:1.2.0] AndroidManifest.xml:27:13-37
226            <meta-data
226-->[androidx.emoji2:emoji2:1.2.0] AndroidManifest.xml:29:13-31:52
227                android:name="androidx.emoji2.text.EmojiCompatInitializer"
227-->[androidx.emoji2:emoji2:1.2.0] AndroidManifest.xml:30:17-75
228                android:value="androidx.startup" />
228-->[androidx.emoji2:emoji2:1.2.0] AndroidManifest.xml:31:17-49
229            <meta-data
229-->[androidx.lifecycle:lifecycle-process:2.6.1] AndroidManifest.xml:29:13-31:52
230                android:name="androidx.lifecycle.ProcessLifecycleInitializer"
230-->[androidx.lifecycle:lifecycle-process:2.6.1] AndroidManifest.xml:30:17-78
231                android:value="androidx.startup" />
231-->[androidx.lifecycle:lifecycle-process:2.6.1] AndroidManifest.xml:31:17-49
232            <meta-data
232-->[androidx.profileinstaller:profileinstaller:1.3.0] AndroidManifest.xml:29:13-31:52
233                android:name="androidx.profileinstaller.ProfileInstallerInitializer"
233-->[androidx.profileinstaller:profileinstaller:1.3.0] AndroidManifest.xml:30:17-85
234                android:value="androidx.startup" />
234-->[androidx.profileinstaller:profileinstaller:1.3.0] AndroidManifest.xml:31:17-49
235        </provider>
236
237        <activity
237-->[com.google.android.gms:play-services-base:18.3.0] AndroidManifest.xml:20:9-22:45
238            android:name="com.google.android.gms.common.api.GoogleApiActivity"
238-->[com.google.android.gms:play-services-base:18.3.0] AndroidManifest.xml:20:19-85
239            android:exported="false"
239-->[com.google.android.gms:play-services-base:18.3.0] AndroidManifest.xml:22:19-43
240            android:theme="@android:style/Theme.Translucent.NoTitleBar" />
240-->[com.google.android.gms:play-services-base:18.3.0] AndroidManifest.xml:21:19-78
241
242        <meta-data
242-->[com.google.android.gms:play-services-basement:18.3.0] AndroidManifest.xml:21:9-23:69
243            android:name="com.google.android.gms.version"
243-->[com.google.android.gms:play-services-basement:18.3.0] AndroidManifest.xml:22:13-58
244            android:value="@integer/google_play_services_version" />
244-->[com.google.android.gms:play-services-basement:18.3.0] AndroidManifest.xml:23:13-66
245
246        <service
246-->[com.google.android.datatransport:transport-runtime:2.2.6] AndroidManifest.xml:26:9-30:19
247            android:name="com.google.android.datatransport.runtime.scheduling.jobscheduling.JobInfoSchedulerService"
247-->[com.google.android.datatransport:transport-runtime:2.2.6] AndroidManifest.xml:27:13-117
248            android:exported="false"
248-->[com.google.android.datatransport:transport-runtime:2.2.6] AndroidManifest.xml:28:13-37
249            android:permission="android.permission.BIND_JOB_SERVICE" >
249-->[com.google.android.datatransport:transport-runtime:2.2.6] AndroidManifest.xml:29:13-69
250        </service>
251
252        <receiver
252-->[com.google.android.datatransport:transport-runtime:2.2.6] AndroidManifest.xml:32:9-34:40
253            android:name="com.google.android.datatransport.runtime.scheduling.jobscheduling.AlarmManagerSchedulerBroadcastReceiver"
253-->[com.google.android.datatransport:transport-runtime:2.2.6] AndroidManifest.xml:33:13-132
254            android:exported="false" />
254-->[com.google.android.datatransport:transport-runtime:2.2.6] AndroidManifest.xml:34:13-37
255        <receiver
255-->[androidx.profileinstaller:profileinstaller:1.3.0] AndroidManifest.xml:34:9-52:20
256            android:name="androidx.profileinstaller.ProfileInstallReceiver"
256-->[androidx.profileinstaller:profileinstaller:1.3.0] AndroidManifest.xml:35:13-76
257            android:directBootAware="false"
257-->[androidx.profileinstaller:profileinstaller:1.3.0] AndroidManifest.xml:36:13-44
258            android:enabled="true"
258-->[androidx.profileinstaller:profileinstaller:1.3.0] AndroidManifest.xml:37:13-35
259            android:exported="true"
259-->[androidx.profileinstaller:profileinstaller:1.3.0] AndroidManifest.xml:38:13-36
260            android:permission="android.permission.DUMP" >
260-->[androidx.profileinstaller:profileinstaller:1.3.0] AndroidManifest.xml:39:13-57
261            <intent-filter>
261-->[androidx.profileinstaller:profileinstaller:1.3.0] AndroidManifest.xml:40:13-42:29
262                <action android:name="androidx.profileinstaller.action.INSTALL_PROFILE" />
262-->[androidx.profileinstaller:profileinstaller:1.3.0] AndroidManifest.xml:41:17-91
262-->[androidx.profileinstaller:profileinstaller:1.3.0] AndroidManifest.xml:41:25-88
263            </intent-filter>
264            <intent-filter>
264-->[androidx.profileinstaller:profileinstaller:1.3.0] AndroidManifest.xml:43:13-45:29
265                <action android:name="androidx.profileinstaller.action.SKIP_FILE" />
265-->[androidx.profileinstaller:profileinstaller:1.3.0] AndroidManifest.xml:44:17-85
265-->[androidx.profileinstaller:profileinstaller:1.3.0] AndroidManifest.xml:44:25-82
266            </intent-filter>
267            <intent-filter>
267-->[androidx.profileinstaller:profileinstaller:1.3.0] AndroidManifest.xml:46:13-48:29